# JRE version: OpenJDK Runtime Environment (17.0.10) (build 17.0.10+0--11572160)
# Java VM: OpenJDK 64-Bit Server VM (17.0.10+0--11572160, mixed mode, tiered, compressed oops, compressed class ptrs, g1 gc, windows-amd64)
GC Precious Log:
 CPUs: 8 total, 8 available
 Memory: 10177M
 Large Page Support: Disabled
 NUMA Support: Disabled
 Compressed Oops: Enabled (32-bit)
 Heap Region Size: 1M
 Heap Min Capacity: 8M
 Heap Initial Capacity: 160M
 Heap Max Capacity: 2G
 Pre-touch: Disabled
 Parallel Workers: 8
 Concurrent Workers: 2
 Concurrent Refinement Workers: 8
 Periodic GC: Disabled
Heap:
 garbage-first heap   total 329728K, used 127844K [0x0000000080000000, 0x0000000100000000)
  region size 1024K, 10 young (10240K), 10 survivors (10240K)
 Metaspace       used 134734K, committed 136000K, reserved 1179648K
  class space    used 18409K, committed 19008K, reserved 1048576K
GC Heap History (20 events):
Event: 412.167 GC heap after
{Heap after GC invocations=68 (full 0):
 garbage-first heap   total 329728K, used 112543K [0x0000000080000000, 0x0000000100000000)
  region size 1024K, 2 young (2048K), 2 survivors (2048K)
 Metaspace       used 132129K, committed 133120K, reserved 1179648K
  class space    used 18137K, committed 18624K, reserved 1048576K
}
Event: 412.706 GC heap before
{Heap before GC invocations=68 (full 0):
 garbage-first heap   total 329728K, used 138143K [0x0000000080000000, 0x0000000100000000)
  region size 1024K, 29 young (29696K), 2 survivors (2048K)
 Metaspace       used 132257K, committed 133312K, reserved 1179648K
  class space    used 18158K, committed 18688K, reserved 1048576K
}
Event: 412.714 GC heap after
{Heap after GC invocations=69 (full 0):
 garbage-first heap   total 329728K, used 117236K [0x0000000080000000, 0x0000000100000000)
  region size 1024K, 7 young (7168K), 7 survivors (7168K)
 Metaspace       used 132257K, committed 133312K, reserved 1179648K
  class space    used 18158K, committed 18688K, reserved 1048576K
}
Event: 446.628 GC heap before
{Heap before GC invocations=70 (full 0):
 garbage-first heap   total 329728K, used 269812K [0x0000000080000000, 0x0000000100000000)
  region size 1024K, 154 young (157696K), 7 survivors (7168K)
 Metaspace       used 132935K, committed 133952K, reserved 1179648K
  class space    used 18234K, committed 18752K, reserved 1048576K
}
Event: 446.645 GC heap after
{Heap after GC invocations=71 (full 0):
 garbage-first heap   total 329728K, used 134606K [0x0000000080000000, 0x0000000100000000)
  region size 1024K, 20 young (20480K), 20 survivors (20480K)
 Metaspace       used 132935K, committed 133952K, reserved 1179648K
  class space    used 18234K, committed 18752K, reserved 1048576K
}
Event: 446.650 GC heap before
{Heap before GC invocations=71 (full 0):
 garbage-first heap   total 329728K, used 135630K [0x0000000080000000, 0x0000000100000000)
  region size 1024K, 21 young (21504K), 20 survivors (20480K)
 Metaspace       used 132935K, committed 133952K, reserved 1179648K
  class space    used 18234K, committed 18752K, reserved 1048576K
}
Event: 446.664 GC heap after
{Heap after GC invocations=72 (full 0):
 garbage-first heap   total 329728K, used 125617K [0x0000000080000000, 0x0000000100000000)
  region size 1024K, 3 young (3072K), 3 survivors (3072K)
 Metaspace       used 132935K, committed 133952K, reserved 1179648K
  class space    used 18234K, committed 18752K, reserved 1048576K
}
Event: 458.126 GC heap before
{Heap before GC invocations=72 (full 0):
 garbage-first heap   total 329728K, used 230065K [0x0000000080000000, 0x0000000100000000)
  region size 1024K, 106 young (108544K), 3 survivors (3072K)
 Metaspace       used 133366K, committed 134464K, reserved 1179648K
  class space    used 18253K, committed 18816K, reserved 1048576K
}
Event: 458.142 GC heap after
{Heap after GC invocations=73 (full 0):
 garbage-first heap   total 329728K, used 138466K [0x0000000080000000, 0x0000000100000000)
  region size 1024K, 16 young (16384K), 16 survivors (16384K)
 Metaspace       used 133366K, committed 134464K, reserved 1179648K
  class space    used 18253K, committed 18816K, reserved 1048576K
}
Event: 628.528 GC heap before
{Heap before GC invocations=74 (full 0):
 garbage-first heap   total 329728K, used 256226K [0x0000000080000000, 0x0000000100000000)
  region size 1024K, 130 young (133120K), 16 survivors (16384K)
 Metaspace       used 133653K, committed 134784K, reserved 1179648K
  class space    used 18255K, committed 18816K, reserved 1048576K
}
Event: 628.542 GC heap after
{Heap after GC invocations=75 (full 0):
 garbage-first heap   total 329728K, used 140152K [0x0000000080000000, 0x0000000100000000)
  region size 1024K, 9 young (9216K), 9 survivors (9216K)
 Metaspace       used 133653K, committed 134784K, reserved 1179648K
  class space    used 18255K, committed 18816K, reserved 1048576K
}
Event: 628.772 GC heap before
{Heap before GC invocations=75 (full 0):
 garbage-first heap   total 329728K, used 146296K [0x0000000080000000, 0x0000000100000000)
  region size 1024K, 16 young (16384K), 9 survivors (9216K)
 Metaspace       used 133667K, committed 134784K, reserved 1179648K
  class space    used 18255K, committed 18816K, reserved 1048576K
}
Event: 628.798 GC heap after
{Heap after GC invocations=76 (full 0):
 garbage-first heap   total 329728K, used 126630K [0x0000000080000000, 0x0000000100000000)
  region size 1024K, 2 young (2048K), 2 survivors (2048K)
 Metaspace       used 133667K, committed 134784K, reserved 1179648K
  class space    used 18255K, committed 18816K, reserved 1048576K
}
Event: 628.850 GC heap before
{Heap before GC invocations=76 (full 0):
 garbage-first heap   total 329728K, used 128678K [0x0000000080000000, 0x0000000100000000)
  region size 1024K, 5 young (5120K), 2 survivors (2048K)
 Metaspace       used 133670K, committed 134784K, reserved 1179648K
  class space    used 18255K, committed 18816K, reserved 1048576K
}
Event: 628.854 GC heap after
{Heap after GC invocations=77 (full 0):
 garbage-first heap   total 329728K, used 127014K [0x0000000080000000, 0x0000000100000000)
  region size 1024K, 3 young (3072K), 3 survivors (3072K)
 Metaspace       used 133670K, committed 134784K, reserved 1179648K
  class space    used 18255K, committed 18816K, reserved 1048576K
}
Event: 719.108 GC heap before
{Heap before GC invocations=78 (full 0):
 garbage-first heap   total 329728K, used 223270K [0x0000000080000000, 0x0000000100000000)
  region size 1024K, 85 young (87040K), 3 survivors (3072K)
 Metaspace       used 134076K, committed 135104K, reserved 1179648K
  class space    used 18288K, committed 18816K, reserved 1048576K
}
Event: 719.119 GC heap after
{Heap after GC invocations=79 (full 0):
 garbage-first heap   total 329728K, used 135364K [0x0000000080000000, 0x0000000100000000)
  region size 1024K, 10 young (10240K), 10 survivors (10240K)
 Metaspace       used 134076K, committed 135104K, reserved 1179648K
  class space    used 18288K, committed 18816K, reserved 1048576K
}
Event: 719.128 GC heap before
{Heap before GC invocations=79 (full 0):
 garbage-first heap   total 329728K, used 141508K [0x0000000080000000, 0x0000000100000000)
  region size 1024K, 16 young (16384K), 10 survivors (10240K)
 Metaspace       used 134080K, committed 135168K, reserved 1179648K
  class space    used 18288K, committed 18816K, reserved 1048576K
}
Event: 719.136 GC heap after
{Heap after GC invocations=80 (full 0):
 garbage-first heap   total 329728K, used 118879K [0x0000000080000000, 0x0000000100000000)
  region size 1024K, 1 young (1024K), 1 survivors (1024K)
 Metaspace       used 134080K, committed 135168K, reserved 1179648K
  class space    used 18288K, committed 18816K, reserved 1048576K
}
Event: 720.310 GC heap before
{Heap before GC invocations=80 (full 0):
 garbage-first heap   total 329728K, used 177247K [0x0000000080000000, 0x0000000100000000)
  region size 1024K, 60 young (61440K), 1 survivors (1024K)
 Metaspace       used 134734K, committed 136000K, reserved 1179648K
  class space    used 18409K, committed 19008K, reserved 1048576K
}

