# JRE version: OpenJDK Runtime Environment (17.0.10) (build 17.0.10+0--11572160)
# Java VM: OpenJDK 64-Bit Server VM (17.0.10+0--11572160, mixed mode, tiered, compressed oops, compressed class ptrs, g1 gc, windows-amd64)
GC Precious Log:
 CPUs: 8 total, 8 available
 Memory: 10177M
 Large Page Support: Disabled
 NUMA Support: Disabled
 Compressed Oops: Enabled (32-bit)
 Heap Region Size: 1M
 Heap Min Capacity: 8M
 Heap Initial Capacity: 160M
 Heap Max Capacity: 2G
 Pre-touch: Disabled
 Parallel Workers: 8
 Concurrent Workers: 2
 Concurrent Refinement Workers: 8
 Periodic GC: Disabled
Heap:
 garbage-first heap   total 475136K, used 141331K [0x0000000080000000, 0x0000000100000000)
  region size 1024K, 7 young (7168K), 7 survivors (7168K)
 Metaspace       used 150952K, committed 152768K, reserved 1245184K
  class space    used 20175K, committed 21056K, reserved 1048576K
GC Heap History (20 events):
Event: 6444.936 GC heap after
{Heap after GC invocations=150 (full 0):
 garbage-first heap   total 505856K, used 136017K [0x0000000080000000, 0x0000000100000000)
  region size 1024K, 2 young (2048K), 2 survivors (2048K)
 Metaspace       used 150027K, committed 151872K, reserved 1245184K
  class space    used 20184K, committed 21056K, reserved 1048576K
}
Event: 6445.551 GC heap before
{Heap before GC invocations=150 (full 0):
 garbage-first heap   total 505856K, used 200529K [0x0000000080000000, 0x0000000100000000)
  region size 1024K, 67 young (68608K), 2 survivors (2048K)
 Metaspace       used 150197K, committed 152000K, reserved 1245184K
  class space    used 20186K, committed 21056K, reserved 1048576K
}
Event: 6445.559 GC heap after
{Heap after GC invocations=151 (full 0):
 garbage-first heap   total 505856K, used 139791K [0x0000000080000000, 0x0000000100000000)
  region size 1024K, 6 young (6144K), 6 survivors (6144K)
 Metaspace       used 150197K, committed 152000K, reserved 1245184K
  class space    used 20186K, committed 21056K, reserved 1048576K
}
Event: 6850.453 GC heap before
{Heap before GC invocations=152 (full 0):
 garbage-first heap   total 475136K, used 418319K [0x0000000080000000, 0x0000000100000000)
  region size 1024K, 247 young (252928K), 6 survivors (6144K)
 Metaspace       used 150383K, committed 152192K, reserved 1245184K
  class space    used 20186K, committed 21056K, reserved 1048576K
}
Event: 6850.473 GC heap after
{Heap after GC invocations=153 (full 0):
 garbage-first heap   total 475136K, used 154915K [0x0000000080000000, 0x0000000100000000)
  region size 1024K, 22 young (22528K), 22 survivors (22528K)
 Metaspace       used 150383K, committed 152192K, reserved 1245184K
  class space    used 20186K, committed 21056K, reserved 1048576K
}
Event: 6850.479 GC heap before
{Heap before GC invocations=153 (full 0):
 garbage-first heap   total 475136K, used 155939K [0x0000000080000000, 0x0000000100000000)
  region size 1024K, 23 young (23552K), 22 survivors (22528K)
 Metaspace       used 150383K, committed 152192K, reserved 1245184K
  class space    used 20186K, committed 21056K, reserved 1048576K
}
Event: 6850.498 GC heap after
{Heap after GC invocations=154 (full 0):
 garbage-first heap   total 475136K, used 141840K [0x0000000080000000, 0x0000000100000000)
  region size 1024K, 3 young (3072K), 3 survivors (3072K)
 Metaspace       used 150383K, committed 152192K, reserved 1245184K
  class space    used 20186K, committed 21056K, reserved 1048576K
}
Event: 6850.775 GC heap before
{Heap before GC invocations=154 (full 0):
 garbage-first heap   total 475136K, used 163344K [0x0000000080000000, 0x0000000100000000)
  region size 1024K, 25 young (25600K), 3 survivors (3072K)
 Metaspace       used 150412K, committed 152256K, reserved 1245184K
  class space    used 20186K, committed 21056K, reserved 1048576K
}
Event: 6850.782 GC heap after
{Heap after GC invocations=155 (full 0):
 garbage-first heap   total 475136K, used 143805K [0x0000000080000000, 0x0000000100000000)
  region size 1024K, 5 young (5120K), 5 survivors (5120K)
 Metaspace       used 150412K, committed 152256K, reserved 1245184K
  class space    used 20186K, committed 21056K, reserved 1048576K
}
Event: 7237.397 GC heap before
{Heap before GC invocations=156 (full 0):
 garbage-first heap   total 475136K, used 364078K [0x0000000080000000, 0x0000000100000000)
  region size 1024K, 209 young (214016K), 5 survivors (5120K)
 Metaspace       used 150738K, committed 152576K, reserved 1245184K
  class space    used 20186K, committed 21056K, reserved 1048576K
}
Event: 7237.421 GC heap after
{Heap after GC invocations=157 (full 0):
 garbage-first heap   total 475136K, used 160706K [0x0000000080000000, 0x0000000100000000)
  region size 1024K, 27 young (27648K), 27 survivors (27648K)
 Metaspace       used 150738K, committed 152576K, reserved 1245184K
  class space    used 20186K, committed 21056K, reserved 1048576K
}
Event: 7237.427 GC heap before
{Heap before GC invocations=157 (full 0):
 garbage-first heap   total 475136K, used 161730K [0x0000000080000000, 0x0000000100000000)
  region size 1024K, 28 young (28672K), 27 survivors (27648K)
 Metaspace       used 150739K, committed 152576K, reserved 1245184K
  class space    used 20186K, committed 21056K, reserved 1048576K
}
Event: 7237.457 GC heap after
{Heap after GC invocations=158 (full 0):
 garbage-first heap   total 475136K, used 144976K [0x0000000080000000, 0x0000000100000000)
  region size 1024K, 3 young (3072K), 3 survivors (3072K)
 Metaspace       used 150739K, committed 152576K, reserved 1245184K
  class space    used 20186K, committed 21056K, reserved 1048576K
}
Event: 7237.495 GC heap before
{Heap before GC invocations=158 (full 0):
 garbage-first heap   total 475136K, used 152144K [0x0000000080000000, 0x0000000100000000)
  region size 1024K, 12 young (12288K), 3 survivors (3072K)
 Metaspace       used 150739K, committed 152576K, reserved 1245184K
  class space    used 20186K, committed 21056K, reserved 1048576K
}
Event: 7237.504 GC heap after
{Heap after GC invocations=159 (full 0):
 garbage-first heap   total 475136K, used 150971K [0x0000000080000000, 0x0000000100000000)
  region size 1024K, 9 young (9216K), 9 survivors (9216K)
 Metaspace       used 150739K, committed 152576K, reserved 1245184K
  class space    used 20186K, committed 21056K, reserved 1048576K
}
Event: 7242.282 GC heap before
{Heap before GC invocations=160 (full 0):
 garbage-first heap   total 475136K, used 296379K [0x0000000080000000, 0x0000000100000000)
  region size 1024K, 134 young (137216K), 9 survivors (9216K)
 Metaspace       used 150797K, committed 152640K, reserved 1245184K
  class space    used 20175K, committed 21056K, reserved 1048576K
}
Event: 7242.295 GC heap after
{Heap after GC invocations=161 (full 0):
 garbage-first heap   total 475136K, used 155393K [0x0000000080000000, 0x0000000100000000)
  region size 1024K, 15 young (15360K), 15 survivors (15360K)
 Metaspace       used 150797K, committed 152640K, reserved 1245184K
  class space    used 20175K, committed 21056K, reserved 1048576K
}
Event: 7242.316 GC heap before
{Heap before GC invocations=161 (full 0):
 garbage-first heap   total 475136K, used 162561K [0x0000000080000000, 0x0000000100000000)
  region size 1024K, 23 young (23552K), 15 survivors (15360K)
 Metaspace       used 150803K, committed 152640K, reserved 1245184K
  class space    used 20175K, committed 21056K, reserved 1048576K
}
Event: 7242.332 GC heap after
{Heap after GC invocations=162 (full 0):
 garbage-first heap   total 475136K, used 138013K [0x0000000080000000, 0x0000000100000000)
  region size 1024K, 3 young (3072K), 3 survivors (3072K)
 Metaspace       used 150803K, committed 152640K, reserved 1245184K
  class space    used 20175K, committed 21056K, reserved 1048576K
}
Event: 7242.809 GC heap before
{Heap before GC invocations=162 (full 0):
 garbage-first heap   total 475136K, used 200477K [0x0000000080000000, 0x0000000100000000)
  region size 1024K, 66 young (67584K), 3 survivors (3072K)
 Metaspace       used 150952K, committed 152768K, reserved 1245184K
  class space    used 20175K, committed 21056K, reserved 1048576K
}

