# JRE version: OpenJDK Runtime Environment (17.0.10) (build 17.0.10+0--11572160)
# Java VM: OpenJDK 64-Bit Server VM (17.0.10+0--11572160, mixed mode, tiered, compressed oops, compressed class ptrs, g1 gc, windows-amd64)
GC Precious Log:
 CPUs: 8 total, 8 available
 Memory: 10177M
 Large Page Support: Disabled
 NUMA Support: Disabled
 Compressed Oops: Enabled (32-bit)
 Heap Region Size: 1M
 Heap Min Capacity: 8M
 Heap Initial Capacity: 160M
 Heap Max Capacity: 2G
 Pre-touch: Disabled
 Parallel Workers: 8
 Concurrent Workers: 2
 Concurrent Refinement Workers: 8
 Periodic GC: Disabled
Heap:
 garbage-first heap   total 537600K, used 120263K [0x0000000080000000, 0x0000000100000000)
  region size 1024K, 8 young (8192K), 8 survivors (8192K)
 Metaspace       used 141980K, committed 143872K, reserved 1179648K
  class space    used 18994K, committed 19904K, reserved 1048576K
GC Heap History (20 events):
Event: 3229.693 GC heap after
{Heap after GC invocations=118 (full 0):
 garbage-first heap   total 427008K, used 110205K [0x0000000080000000, 0x0000000100000000)
  region size 1024K, 3 young (3072K), 3 survivors (3072K)
 Metaspace       used 139377K, committed 141184K, reserved 1179648K
  class space    used 18856K, committed 19712K, reserved 1048576K
}
Event: 3229.725 GC heap before
{Heap before GC invocations=118 (full 0):
 garbage-first heap   total 427008K, used 110205K [0x0000000080000000, 0x0000000100000000)
  region size 1024K, 5 young (5120K), 3 survivors (3072K)
 Metaspace       used 139378K, committed 141184K, reserved 1179648K
  class space    used 18856K, committed 19712K, reserved 1048576K
}
Event: 3229.728 GC heap after
{Heap after GC invocations=119 (full 0):
 garbage-first heap   total 427008K, used 109069K [0x0000000080000000, 0x0000000100000000)
  region size 1024K, 2 young (2048K), 2 survivors (2048K)
 Metaspace       used 139378K, committed 141184K, reserved 1179648K
  class space    used 18856K, committed 19712K, reserved 1048576K
}
Event: 3235.594 GC heap before
{Heap before GC invocations=120 (full 0):
 garbage-first heap   total 389120K, used 361997K [0x0000000080000000, 0x0000000100000000)
  region size 1024K, 228 young (233472K), 2 survivors (2048K)
 Metaspace       used 140691K, committed 142528K, reserved 1179648K
  class space    used 18978K, committed 19840K, reserved 1048576K
}
Event: 3235.615 GC heap after
{Heap after GC invocations=121 (full 0):
 garbage-first heap   total 389120K, used 125002K [0x0000000080000000, 0x0000000100000000)
  region size 1024K, 16 young (16384K), 16 survivors (16384K)
 Metaspace       used 140691K, committed 142528K, reserved 1179648K
  class space    used 18978K, committed 19840K, reserved 1048576K
}
Event: 3235.716 GC heap before
{Heap before GC invocations=121 (full 0):
 garbage-first heap   total 389120K, used 127050K [0x0000000080000000, 0x0000000100000000)
  region size 1024K, 19 young (19456K), 16 survivors (16384K)
 Metaspace       used 140734K, committed 142592K, reserved 1179648K
  class space    used 18978K, committed 19840K, reserved 1048576K
}
Event: 3235.732 GC heap after
{Heap after GC invocations=122 (full 0):
 garbage-first heap   total 389120K, used 113297K [0x0000000080000000, 0x0000000100000000)
  region size 1024K, 2 young (2048K), 2 survivors (2048K)
 Metaspace       used 140734K, committed 142592K, reserved 1179648K
  class space    used 18978K, committed 19840K, reserved 1048576K
}
Event: 3236.192 GC heap before
{Heap before GC invocations=122 (full 0):
 garbage-first heap   total 389120K, used 144017K [0x0000000080000000, 0x0000000100000000)
  region size 1024K, 33 young (33792K), 2 survivors (2048K)
 Metaspace       used 141185K, committed 143040K, reserved 1179648K
  class space    used 18978K, committed 19840K, reserved 1048576K
}
Event: 3236.197 GC heap after
{Heap after GC invocations=123 (full 0):
 garbage-first heap   total 389120K, used 114285K [0x0000000080000000, 0x0000000100000000)
  region size 1024K, 3 young (3072K), 3 survivors (3072K)
 Metaspace       used 141185K, committed 143040K, reserved 1179648K
  class space    used 18978K, committed 19840K, reserved 1048576K
}
Event: 3732.532 GC heap before
{Heap before GC invocations=124 (full 0):
 garbage-first heap   total 389120K, used 338541K [0x0000000080000000, 0x0000000100000000)
  region size 1024K, 195 young (199680K), 3 survivors (3072K)
 Metaspace       used 141564K, committed 143488K, reserved 1179648K
  class space    used 18994K, committed 19904K, reserved 1048576K
}
Event: 3732.537 GC heap after
{Heap after GC invocations=125 (full 0):
 garbage-first heap   total 389120K, used 115910K [0x0000000080000000, 0x0000000100000000)
  region size 1024K, 3 young (3072K), 3 survivors (3072K)
 Metaspace       used 141564K, committed 143488K, reserved 1179648K
  class space    used 18994K, committed 19904K, reserved 1048576K
}
Event: 3732.718 GC heap before
{Heap before GC invocations=125 (full 0):
 garbage-first heap   total 389120K, used 131270K [0x0000000080000000, 0x0000000100000000)
  region size 1024K, 19 young (19456K), 3 survivors (3072K)
 Metaspace       used 141586K, committed 143488K, reserved 1179648K
  class space    used 18994K, committed 19904K, reserved 1048576K
}
Event: 3732.728 GC heap after
{Heap after GC invocations=126 (full 0):
 garbage-first heap   total 389120K, used 111179K [0x0000000080000000, 0x0000000100000000)
  region size 1024K, 3 young (3072K), 3 survivors (3072K)
 Metaspace       used 141586K, committed 143488K, reserved 1179648K
  class space    used 18994K, committed 19904K, reserved 1048576K
}
Event: 3733.139 GC heap before
{Heap before GC invocations=126 (full 0):
 garbage-first heap   total 389120K, used 147019K [0x0000000080000000, 0x0000000100000000)
  region size 1024K, 40 young (40960K), 3 survivors (3072K)
 Metaspace       used 141633K, committed 143552K, reserved 1179648K
  class space    used 18994K, committed 19904K, reserved 1048576K
}
Event: 3733.148 GC heap after
{Heap after GC invocations=127 (full 0):
 garbage-first heap   total 389120K, used 116018K [0x0000000080000000, 0x0000000100000000)
  region size 1024K, 7 young (7168K), 7 survivors (7168K)
 Metaspace       used 141633K, committed 143552K, reserved 1179648K
  class space    used 18994K, committed 19904K, reserved 1048576K
}
Event: 3738.084 GC heap before
{Heap before GC invocations=128 (full 0):
 garbage-first heap   total 389120K, used 319794K [0x0000000080000000, 0x0000000100000000)
  region size 1024K, 185 young (189440K), 7 survivors (7168K)
 Metaspace       used 141842K, committed 143680K, reserved 1179648K
  class space    used 18994K, committed 19904K, reserved 1048576K
}
Event: 3738.096 GC heap after
{Heap after GC invocations=129 (full 0):
 garbage-first heap   total 389120K, used 123784K [0x0000000080000000, 0x0000000100000000)
  region size 1024K, 14 young (14336K), 14 survivors (14336K)
 Metaspace       used 141842K, committed 143680K, reserved 1179648K
  class space    used 18994K, committed 19904K, reserved 1048576K
}
Event: 3738.109 GC heap before
{Heap before GC invocations=129 (full 0):
 garbage-first heap   total 389120K, used 127880K [0x0000000080000000, 0x0000000100000000)
  region size 1024K, 19 young (19456K), 14 survivors (14336K)
 Metaspace       used 141842K, committed 143680K, reserved 1179648K
  class space    used 18994K, committed 19904K, reserved 1048576K
}
Event: 3738.124 GC heap after
{Heap after GC invocations=130 (full 0):
 garbage-first heap   total 389120K, used 115139K [0x0000000080000000, 0x0000000100000000)
  region size 1024K, 3 young (3072K), 3 survivors (3072K)
 Metaspace       used 141842K, committed 143680K, reserved 1179648K
  class space    used 18994K, committed 19904K, reserved 1048576K
}
Event: 3738.792 GC heap before
{Heap before GC invocations=130 (full 0):
 garbage-first heap   total 389120K, used 182723K [0x0000000080000000, 0x0000000100000000)
  region size 1024K, 71 young (72704K), 3 survivors (3072K)
 Metaspace       used 141980K, committed 143872K, reserved 1179648K
  class space    used 18994K, committed 19904K, reserved 1048576K
}

