# JRE version: OpenJDK Runtime Environment (17.0.10) (build 17.0.10+0--11572160)
# Java VM: OpenJDK 64-Bit Server VM (17.0.10+0--11572160, mixed mode, tiered, compressed oops, compressed class ptrs, g1 gc, windows-amd64)
GC Precious Log:
 CPUs: 8 total, 8 available
 Memory: 10177M
 Large Page Support: Disabled
 NUMA Support: Disabled
 Compressed Oops: Enabled (32-bit)
 Heap Region Size: 1M
 Heap Min Capacity: 8M
 Heap Initial Capacity: 160M
 Heap Max Capacity: 2G
 Pre-touch: Disabled
 Parallel Workers: 8
 Concurrent Workers: 2
 Concurrent Refinement Workers: 8
 Periodic GC: Disabled
Heap:
 garbage-first heap   total 409600K, used 140227K [0x0000000080000000, 0x0000000100000000)
  region size 1024K, 10 young (10240K), 10 survivors (10240K)
 Metaspace       used 147123K, committed 149056K, reserved 1179648K
  class space    used 19798K, committed 20736K, reserved 1048576K
GC Heap History (20 events):
Event: 6231.819 GC heap after
{Heap after GC invocations=124 (full 0):
 garbage-first heap   total 1015808K, used 124693K [0x0000000080000000, 0x0000000100000000)
  region size 1024K, 3 young (3072K), 3 survivors (3072K)
 Metaspace       used 146388K, committed 148288K, reserved 1179648K
  class space    used 19732K, committed 20672K, reserved 1048576K
}
Event: 6231.826 GC heap before
{Heap before GC invocations=124 (full 0):
 garbage-first heap   total 1015808K, used 124693K [0x0000000080000000, 0x0000000100000000)
  region size 1024K, 4 young (4096K), 3 survivors (3072K)
 Metaspace       used 146388K, committed 148288K, reserved 1179648K
  class space    used 19732K, committed 20672K, reserved 1048576K
}
Event: 6231.830 GC heap after
{Heap after GC invocations=125 (full 0):
 garbage-first heap   total 1015808K, used 124351K [0x0000000080000000, 0x0000000100000000)
  region size 1024K, 2 young (2048K), 2 survivors (2048K)
 Metaspace       used 146388K, committed 148288K, reserved 1179648K
  class space    used 19732K, committed 20672K, reserved 1048576K
}
Event: 6401.912 GC heap before
{Heap before GC invocations=126 (full 0):
 garbage-first heap   total 409600K, used 318911K [0x0000000080000000, 0x0000000100000000)
  region size 1024K, 179 young (183296K), 2 survivors (2048K)
 Metaspace       used 146826K, committed 148736K, reserved 1179648K
  class space    used 19798K, committed 20736K, reserved 1048576K
}
Event: 6401.918 GC heap after
{Heap after GC invocations=127 (full 0):
 garbage-first heap   total 409600K, used 119074K [0x0000000080000000, 0x0000000100000000)
  region size 1024K, 3 young (3072K), 3 survivors (3072K)
 Metaspace       used 146826K, committed 148736K, reserved 1179648K
  class space    used 19798K, committed 20736K, reserved 1048576K
}
Event: 6402.099 GC heap before
{Heap before GC invocations=127 (full 0):
 garbage-first heap   total 409600K, used 135458K [0x0000000080000000, 0x0000000100000000)
  region size 1024K, 20 young (20480K), 3 survivors (3072K)
 Metaspace       used 146840K, committed 148736K, reserved 1179648K
  class space    used 19798K, committed 20736K, reserved 1048576K
}
Event: 6402.107 GC heap after
{Heap after GC invocations=128 (full 0):
 garbage-first heap   total 409600K, used 114479K [0x0000000080000000, 0x0000000100000000)
  region size 1024K, 3 young (3072K), 3 survivors (3072K)
 Metaspace       used 146840K, committed 148736K, reserved 1179648K
  class space    used 19798K, committed 20736K, reserved 1048576K
}
Event: 6402.760 GC heap before
{Heap before GC invocations=128 (full 0):
 garbage-first heap   total 409600K, used 153391K [0x0000000080000000, 0x0000000100000000)
  region size 1024K, 42 young (43008K), 3 survivors (3072K)
 Metaspace       used 146874K, committed 148800K, reserved 1179648K
  class space    used 19798K, committed 20736K, reserved 1048576K
}
Event: 6402.769 GC heap after
{Heap after GC invocations=129 (full 0):
 garbage-first heap   total 409600K, used 120203K [0x0000000080000000, 0x0000000100000000)
  region size 1024K, 9 young (9216K), 9 survivors (9216K)
 Metaspace       used 146874K, committed 148800K, reserved 1179648K
  class space    used 19798K, committed 20736K, reserved 1048576K
}
Event: 7075.700 GC heap before
{Heap before GC invocations=130 (full 0):
 garbage-first heap   total 409600K, used 289163K [0x0000000080000000, 0x0000000100000000)
  region size 1024K, 158 young (161792K), 9 survivors (9216K)
 Metaspace       used 146992K, committed 148928K, reserved 1179648K
  class space    used 19798K, committed 20736K, reserved 1048576K
}
Event: 7075.713 GC heap after
{Heap after GC invocations=131 (full 0):
 garbage-first heap   total 409600K, used 127403K [0x0000000080000000, 0x0000000100000000)
  region size 1024K, 14 young (14336K), 14 survivors (14336K)
 Metaspace       used 146992K, committed 148928K, reserved 1179648K
  class space    used 19798K, committed 20736K, reserved 1048576K
}
Event: 7075.793 GC heap before
{Heap before GC invocations=131 (full 0):
 garbage-first heap   total 409600K, used 133547K [0x0000000080000000, 0x0000000100000000)
  region size 1024K, 20 young (20480K), 14 survivors (14336K)
 Metaspace       used 146995K, committed 148928K, reserved 1179648K
  class space    used 19798K, committed 20736K, reserved 1048576K
}
Event: 7075.813 GC heap after
{Heap after GC invocations=132 (full 0):
 garbage-first heap   total 409600K, used 112687K [0x0000000080000000, 0x0000000100000000)
  region size 1024K, 3 young (3072K), 3 survivors (3072K)
 Metaspace       used 146995K, committed 148928K, reserved 1179648K
  class space    used 19798K, committed 20736K, reserved 1048576K
}
Event: 7076.014 GC heap before
{Heap before GC invocations=132 (full 0):
 garbage-first heap   total 409600K, used 122927K [0x0000000080000000, 0x0000000100000000)
  region size 1024K, 14 young (14336K), 3 survivors (3072K)
 Metaspace       used 147000K, committed 148928K, reserved 1179648K
  class space    used 19798K, committed 20736K, reserved 1048576K
}
Event: 7076.018 GC heap after
{Heap after GC invocations=133 (full 0):
 garbage-first heap   total 409600K, used 114004K [0x0000000080000000, 0x0000000100000000)
  region size 1024K, 4 young (4096K), 4 survivors (4096K)
 Metaspace       used 147000K, committed 148928K, reserved 1179648K
  class space    used 19798K, committed 20736K, reserved 1048576K
}
Event: 8195.160 GC heap before
{Heap before GC invocations=134 (full 0):
 garbage-first heap   total 409600K, used 302420K [0x0000000080000000, 0x0000000100000000)
  region size 1024K, 170 young (174080K), 4 survivors (4096K)
 Metaspace       used 147122K, committed 149056K, reserved 1179648K
  class space    used 19798K, committed 20736K, reserved 1048576K
}
Event: 8195.183 GC heap after
{Heap after GC invocations=135 (full 0):
 garbage-first heap   total 409600K, used 137966K [0x0000000080000000, 0x0000000100000000)
  region size 1024K, 22 young (22528K), 22 survivors (22528K)
 Metaspace       used 147122K, committed 149056K, reserved 1179648K
  class space    used 19798K, committed 20736K, reserved 1048576K
}
Event: 8195.189 GC heap before
{Heap before GC invocations=135 (full 0):
 garbage-first heap   total 409600K, used 138990K [0x0000000080000000, 0x0000000100000000)
  region size 1024K, 23 young (23552K), 22 survivors (22528K)
 Metaspace       used 147122K, committed 149056K, reserved 1179648K
  class space    used 19798K, committed 20736K, reserved 1048576K
}
Event: 8195.211 GC heap after
{Heap after GC invocations=136 (full 0):
 garbage-first heap   total 409600K, used 131445K [0x0000000080000000, 0x0000000100000000)
  region size 1024K, 2 young (2048K), 2 survivors (2048K)
 Metaspace       used 147122K, committed 149056K, reserved 1179648K
  class space    used 19798K, committed 20736K, reserved 1048576K
}
Event: 8195.353 GC heap before
{Heap before GC invocations=136 (full 0):
 garbage-first heap   total 409600K, used 146805K [0x0000000080000000, 0x0000000100000000)
  region size 1024K, 19 young (19456K), 2 survivors (2048K)
 Metaspace       used 147123K, committed 149056K, reserved 1179648K
  class space    used 19798K, committed 20736K, reserved 1048576K
}

